IQ-TREE multicore version 1.6.11 for Linux 64-bit built Jul 27 2019
Developed by Bui Quang Minh, Nguyen Lam Tung, Olga Chernomor,
Heiko Schmidt, Dominik Schrempf, Michael Woodhams.

Host:    mpp-server (AVX, 62 GB RAM)
Command: iqtree -s ./analyses/WLARs/fernLARclades_aligned-mafft-linsi.fasta -bb 2000 -alrt 2000 -nt AUTO -ntmax 12 -pre ./analyses/WLARs/fernLARclades_tree/fernLARclades_aligned-mafft-linsi_iqtree-bb2000-alrt2000 -m MFP
Seed:    523876 (Using SPRNG - Scalable Parallel Random Number Generator)
Time:    Fri May  8 15:10:13 2020
Kernel:  AVX - auto-detect threads (12 CPU cores detected)

Reading alignment file ./analyses/WLARs/fernLARclades_aligned-mafft-linsi.fasta ... Fasta format detected
Alignment most likely contains protein sequences
Alignment has 90 sequences with 476 columns, 409 distinct patterns
282 parsimony-informative, 28 singleton sites, 166 constant sites
                                               Gap/Ambiguity  Composition  p-value
   1  WLAR1_Afi_v2_s1241G000080.2                     32.77%    passed     87.82%
   2  WLAR1_Afi_v2_s1241G000110.6                     23.32%    passed     79.55%
   3  LAR_Azolla                                      35.92%    passed     96.00%
   4  LAR_Azfi_s0197.g057377                          36.55%    passed     89.56%
   5  LAR_PIVW-2004875-Ceratopteris_thalictroides     35.92%    passed     98.81%
   6  LAR_YJJY-2005734-Woodsia_scopulina              35.71%    passed     80.91%
   7  LAR_MEKP-2006126-Dipteris_conjugata             35.92%    passed     96.23%
   8  LAR_ZXJO-2004443-Hemionitis_arifolia            35.92%    passed     99.54%
   9  LAR_PNZO-2008392-Culcita_macrocarpa             36.97%    passed     84.53%
  10  LAR_PIVW-2004244-Ceratopteris_thalictroides     35.92%    passed     98.37%
  11  LAR_PNZO-2020054-Culcita_macrocarpa             55.67%    passed     92.83%
  12  LAR_MEKP-2009607-Dipteris_conjugata             37.18%    passed     99.45%
  13  LAR_ZXJO-2003107-Hemionitis_arifolia            47.27%    passed     92.65%
  14  LAR_MEKP-2104936-Dipteris_conjugata             36.13%    passed     70.86%
  15  LAR_ZXJO-2003105-Hemionitis_arifolia            35.71%    passed     86.62%
  16  LAR_VIBO-2074404-Osmunda_javanica               37.18%    passed     97.69%
  17  LAR_PNZO-2022483-Culcita_macrocarpa             39.71%    passed     95.98%
  18  LAR_CQPW-2095554-Anemia_tomentosa               56.93%    passed     66.24%
  19  LAR_ZXJO-2004441-Hemionitis_arifolia            35.92%    passed     99.54%
  20  LAR_ZXJO-2004442-Hemionitis_arifolia            35.92%    passed     99.54%
  21  LAR_VIBO-2075523-Osmunda_javanica               36.55%    passed     92.39%
  22  LAR_UGNK-2002432-Marattia_attenuata             55.88%    passed     69.46%
  23  LAR_CVEG-2005709-Azolla_cf._caroliniana         41.39%    passed     90.51%
  24  LAR_PIVW-2004243-Ceratopteris_thalictroides     35.92%    passed     98.37%
  25  WLAR1_CAPN-2038587-Equisetum_diffusum           50.00%    passed     81.72%
  26  WLAR1_CQPW-2096458-Anemia_tomentosa             59.45%    passed     10.62%
  27  WLAR1_EWXK-2121424-Thyrsopteris_elegans         35.50%    passed     20.40%
  28  WLAR1_MEKP-2006924-Dipteris_conjugata           35.92%    passed     86.63%
  29  WLAR1_PNZO-2007161-Culcita_macrocarpa           57.56%    passed     55.11%
  30  WLAR1_PNZO-2007160-Culcita_macrocarpa           36.76%    passed     56.48%
  31  WLAR1_PNZO-2150800-Culcita_macrocarpa           35.71%    passed     15.64%
  32  WLAR1_JVSZ-2001809-Equisetum_hymale             58.40%    passed     27.78%
  33  WLAR1_PNZO-2149017-Culcita_macrocarpa           42.44%    passed     72.24%
  34  WLAR1_EWXK-2022152-Thyrsopteris_elegans         35.50%    passed     91.66%
  35  WLAR1_MEKP-2001942-Dipteris_conjugata           48.53%    passed     89.93%
  36  WLAR1_CQPW-2014224-Anemia_tomentosa             38.03%    passed     69.11%
  37  WLAR1_JVSZ-2129506-Equisetum_hymale             36.34%    passed     94.05%
  38  WLAR1_PIVW-2013241-Ceratopteris_thalictroides   36.34%    passed     48.13%
  39  WLAR1_CVEG-2016335-Azolla_cf._caroliniana       38.45%    passed     96.40%
  40  WLAR1_CVEG-2016336-Azolla_cf._caroliniana       45.17%    passed     95.44%
  41  WLAR1_EWXK-2119988-Thyrsopteris_elegans         48.11%    passed     80.54%
  42  WLAR1_VIBO-2006262-Osmunda_javanica             33.19%    passed     99.22%
  43  WLAR1_VIBO-2007835-Osmunda_javanica             38.03%    passed     96.68%
  44  WLAR1_JVSZ-2001810-Equisetum_hymale             32.14%    passed     76.66%
  45  WLAR1_PNZO-2013494-Culcita_macrocarpa           30.67%    passed     57.00%
  46  WLAR1_PIVW-2091514-Ceratopteris_thalictroides   37.18%    passed     92.59%
  47  WLAR1_YJJY-2003866-Woodsia_scopulina            36.34%    passed     99.98%
  48  WLAR1_YJJY-2003867-Woodsia_scopulina            36.55%    passed     99.95%
  49  WLAR1_VIBO-2006264-Osmunda_javanica             37.18%    passed     85.80%
  50  WLAR1_UGNK-2017109-Marattia_attenuata           36.97%    passed     96.41%
  51  WLAR1_MEKP-2104845-Dipteris_conjugata           37.61%    passed      8.83%
  52  WLAR1_ZXJO-2007558-Hemionitis_arifolia          39.50%    passed     99.80%
  53  WLAR1_PNZO-2026447-Culcita_macrocarpa           36.76%    passed     90.36%
  54  WLAR1_EWXK-2121103-Thyrsopteris_elegans         35.71%    passed     96.25%
  55  WLAR1_UGNK-2021182-Marattia_attenuata           36.55%    passed     59.78%
  56  WLAR1_JVSZ-2001811-Equisetum_hymale             32.14%    passed     76.89%
  57  WLAR1_EWXK-2024179-Thyrsopteris_elegans         37.39%    passed     98.98%
  58  WLAR1_JVSZ-2001808-Equisetum_hymale             35.50%    passed     87.02%
  59  WLAR2_CQPW-2024177-Anemia_tomentosa             36.34%    passed     50.26%
  60  WLAR2_MEKP-2101772-Dipteris_conjugata           52.31%    passed     41.41%
  61  WLAR2_ALVQ-2000101-Tmesipteris_parva            47.90%    passed     90.08%
  62  WLAR2_UGNK-2021731-Marattia_attenuata           57.77%    passed     52.80%
  63  WLAR2_ALVQ-2004507-Tmesipteris_parva            59.87%    passed     56.25%
  64  WLAR2_EWXK-2000843-Thyrsopteris_elegans         43.70%    passed     60.12%
  65  WLAR2_MEKP-2105811-Dipteris_conjugata           35.92%    passed     97.14%
  66  WLAR2_EWXK-2012291-Thyrsopteris_elegans         57.14%    passed     96.40%
  67  WLAR2_ALVQ-2018495-Tmesipteris_parva            59.24%    passed     85.51%
  68  WLAR2_QVMR-2013662-Psilotum_nudum               35.92%    passed     98.00%
  69  WLAR2_MEKP-2014651-Dipteris_conjugata           39.29%    passed     98.28%
  70  WLAR2_YJJY-2008533-Woodsia_scopulina            55.88%    passed     95.73%
  71  WLAR2_EWXK-2000844-Thyrsopteris_elegans         56.72%    passed     25.62%
  72  WLAR2_UGNK-2020446-Marattia_attenuata           35.92%    passed     59.39%
  73  WLAR2_ZXJO-2008167-Hemionitis_arifolia          52.10%    passed     98.78%
  74  WLAR2_MEKP-2104929-Dipteris_conjugata           35.50%    passed     25.30%
  75  WLAR2_UGNK-2006528-Marattia_attenuata           36.76%    passed     95.72%
  76  WLAR2_MEKP-2006789-Dipteris_conjugata           35.92%    passed     87.85%
  77  WLAR2_EWXK-2012289-Thyrsopteris_elegans         35.92%    passed     99.99%
  78  WLAR2_ALVQ-2004508-Tmesipteris_parva            50.84%    passed     69.45%
  79  WLAR2_ALVQ-2000100-Tmesipteris_parva            37.18%    passed     98.55%
  80  WLAR2_ZXJO-2008168-Hemionitis_arifolia          44.33%    passed     99.97%
  81  WLAR2_PIVW-2009700-Ceratopteris_thalictroides   35.71%    passed     31.13%
  82  WLAR2_VIBO-2008406-Osmunda_javanica             36.13%    passed     96.58%
  83  WLAR2_MEKP-2006790-Dipteris_conjugata           35.92%    passed     87.85%
  84  WLAR2_PNZO-2016614-Culcita_macrocarpa           48.32%    passed     66.26%
  85  WLAR2_ALVQ-2007082-Tmesipteris_parva            35.71%    passed     66.66%
  86  WLAR2_QVMR-2017404-Psilotum_nudum               36.13%    passed     60.83%
  87  WLAR2_QVMR-2016059-Psilotum_nudum               42.23%    passed     95.64%
  88  WLAR2_EWXK-2000842-Thyrsopteris_elegans         43.07%    passed     71.27%
  89  WLAR2_PNZO-2016613-Culcita_macrocarpa           36.13%    passed     43.89%
  90  WLAR2_ALVQ-2004506-Tmesipteris_parva            59.87%    passed     73.62%
WARNING: 16 sequences contain more than 50% gaps/ambiguity
****  TOTAL                                           41.02%  0 sequences failed composition chi2 test (p-value<5%; df=19)
NOTE: LAR_ZXJO-2004441-Hemionitis_arifolia is identical to LAR_ZXJO-2004443-Hemionitis_arifolia but kept for subsequent analysis
NOTE: LAR_PIVW-2004243-Ceratopteris_thalictroides is identical to LAR_PIVW-2004244-Ceratopteris_thalictroides but kept for subsequent analysis
NOTE: WLAR2_MEKP-2006790-Dipteris_conjugata is identical to WLAR2_MEKP-2006789-Dipteris_conjugata but kept for subsequent analysis
NOTE: 1 identical sequences (see below) will be ignored for subsequent analysis
NOTE: LAR_ZXJO-2004442-Hemionitis_arifolia (identical to LAR_ZXJO-2004443-Hemionitis_arifolia) is ignored but added at the end

For your convenience alignment with unique sequences printed to ./analyses/WLARs/fernLARclades_tree/fernLARclades_aligned-mafft-linsi_iqtree-bb2000-alrt2000.uniqueseq.phy


Create initial parsimony tree by phylogenetic likelihood library (PLL)... 0.042 seconds
NOTE: ModelFinder requires 62 MB RAM!
ModelFinder will test 546 protein models (sample size: 476) ...
 No. Model         -LnL         df  AIC          AICc         BIC
Measuring multi-threading efficiency up to 12 CPU cores
Increase to 10 rounds for branch lengths
43 trees examined
Threads: 1 / Time: 12.289 sec / Speedup: 1.000 / Efficiency: 100% / LogL: -34916
Threads: 2 / Time: 7.191 sec / Speedup: 1.709 / Efficiency: 85% / LogL: -34916
Threads: 3 / Time: 8.207 sec / Speedup: 1.497 / Efficiency: 50% / LogL: -34916
BEST NUMBER OF THREADS: 2

  1  Dayhoff       21175.317    175 42700.635    42905.968    43429.583
  2  Dayhoff+I     21058.377    176 42468.754    42677.128    43201.867
  3  Dayhoff+G4    20466.933    176 41285.866    41494.241    42018.980
  4  Dayhoff+I+G4  20458.139    177 41270.278    41481.728    42007.557
  5  Dayhoff+R2    20588.627    177 41531.255    41742.705    42268.534
  6  Dayhoff+R3    20476.880    179 41311.759    41529.462    42057.369
  7  Dayhoff+R4    20450.872    181 41263.744    41487.839    42017.685
  8  Dayhoff+R5    20449.277    183 41264.554    41495.184    42026.825
 14  Dayhoff+F     21300.949    194 42989.899    43259.151    43797.990
 15  Dayhoff+F+I   21191.439    195 42772.878    43045.878    43585.134
 16  Dayhoff+F+G4  20595.533    195 41581.066    41854.066    42393.322
 17  Dayhoff+F+I+G4 20587.973    196 41567.947    41844.735    42384.369
 18  Dayhoff+F+R2  20712.808    196 41817.616    42094.404    42634.038
 19  Dayhoff+F+R3  20607.227    198 41610.454    41894.945    42435.206
 20  Dayhoff+F+R4  20580.336    200 41560.672    41853.035    42393.755
 21  Dayhoff+F+R5  20579.395    202 41562.789    41863.199    42404.203
 27  mtMAM         22935.419    175 46220.838    46426.171    46949.786
 28  mtMAM+I       22894.608    176 46141.216    46349.591    46874.329
 29  mtMAM+G4      21593.675    176 43539.350    43747.725    44272.464
 30  mtMAM+I+G4    21593.708    177 43541.416    43752.866    44278.695
 31  mtMAM+R2      21825.277    177 44004.553    44216.003    44741.832
 32  mtMAM+R3      21639.427    179 43636.854    43854.556    44382.464
 33  mtMAM+R4      21585.417    181 43532.833    43756.928    44286.774
 34  mtMAM+R5      21570.762    183 43507.523    43738.153    44269.795
 35  mtMAM+R6      21563.704    185 43497.408    43734.718    44268.010
 36  mtMAM+R7      21561.696    187 43497.392    43741.531    44276.325
 40  mtMAM+F       22229.960    194 44847.919    45117.172    45656.010
 41  mtMAM+F+I     22159.833    195 44709.666    44982.666    45521.923
 42  mtMAM+F+G4    21123.606    195 42637.211    42910.211    43449.468
 43  mtMAM+F+I+G4  21119.933    196 42631.866    42908.654    43448.288
 44  mtMAM+F+R2    21297.625    196 42987.251    43264.039    43803.673
 45  mtMAM+F+R3    21157.793    198 42711.585    42996.076    43536.338
 46  mtMAM+F+R4    21117.487    200 42634.975    42927.338    43468.058
 47  mtMAM+F+R5    21107.274    202 42618.548    42918.958    43459.962
 48  mtMAM+F+R6    21099.278    204 42606.557    42915.191    43456.302
 49  mtMAM+F+R7    21097.353    206 42606.705    42923.746    43464.781
 53  JTT           20862.872    175 42075.745    42281.078    42804.693
 54  JTT+I         20758.750    176 41869.500    42077.875    42602.614
 55  JTT+G4        20223.344    176 40798.688    41007.062    41531.801
 56  JTT+I+G4      20216.698    177 40787.395    40998.845    41524.674
 57  JTT+R2        20320.403    177 40994.806    41206.255    41732.085
 58  JTT+R3        20225.155    179 40808.310    41026.013    41553.920
 59  JTT+R4        20209.987    181 40781.974    41006.069    41535.915
 60  JTT+R5        20208.448    183 40782.896    41013.526    41545.167
 66  JTT+F         20980.104    194 42348.208    42617.461    43156.299
 67  JTT+F+I       20880.755    195 42151.511    42424.511    42963.767
 68  JTT+F+G4      20328.289    195 41046.577    41319.577    41858.834
 69  JTT+F+I+G4    20322.620    196 41037.241    41314.029    41853.663
 70  JTT+F+R2      20426.098    196 41244.197    41520.986    42060.619
 71  JTT+F+R3      20333.573    198 41063.145    41347.636    41887.898
 72  JTT+F+R4      20316.583    200 41033.167    41325.530    41866.250
 73  JTT+F+R5      20315.102    202 41034.204    41334.615    41875.619
 79  WAG           20875.348    175 42100.697    42306.030    42829.645
 80  WAG+I         20760.849    176 41873.698    42082.073    42606.812
 81  WAG+G4        20280.154    176 40912.308    41120.683    41645.422
 82  WAG+I+G4      20269.152    177 40892.303    41103.753    41629.582
 83  WAG+R2        20367.112    177 41088.224    41299.674    41825.503
 84  WAG+R3        20277.170    179 40912.341    41130.044    41657.951
 85  WAG+R4        20261.763    181 40885.526    41109.621    41639.466
 86  WAG+R5        20260.204    183 40886.407    41117.037    41648.679
 92  WAG+F         20980.906    194 42349.812    42619.065    43157.903
 93  WAG+F+I       20871.428    195 42132.855    42405.855    42945.112
 94  WAG+F+G4      20386.853    195 41163.705    41436.705    41975.962
 95  WAG+F+I+G4    20377.177    196 41146.355    41423.143    41962.777
 96  WAG+F+R2      20472.011    196 41336.023    41612.811    42152.445
 97  WAG+F+R3      20385.154    198 41166.307    41450.798    41991.060
 98  WAG+F+R4      20370.211    200 41140.422    41432.786    41973.506
 99  WAG+F+R5      20368.476    202 41140.952    41441.362    41982.366
105  cpREV         21061.173    175 42472.346    42677.679    43201.294
106  cpREV+I       20936.834    176 42225.668    42434.043    42958.782
107  cpREV+G4      20390.112    176 41132.225    41340.599    41865.338
108  cpREV+I+G4    20376.322    177 41106.643    41318.093    41843.922
109  cpREV+R2      20489.376    177 41332.751    41544.201    42070.030
110  cpREV+R3      20401.047    179 41160.094    41377.797    41905.704
111  cpREV+R4      20371.929    181 41105.857    41329.953    41859.798
112  cpREV+R5      20370.816    183 41107.631    41338.262    41869.903
118  cpREV+F       21192.224    194 42772.447    43041.700    43580.538
119  cpREV+F+I     21063.130    195 42516.261    42789.261    43328.517
120  cpREV+F+G4    20505.783    195 41401.567    41674.567    42213.823
121  cpREV+F+I+G4  20492.215    196 41376.431    41653.219    42192.853
122  cpREV+F+R2    20610.522    196 41613.045    41889.833    42429.466
123  cpREV+F+R3    20515.800    198 41427.600    41712.091    42252.353
124  cpREV+F+R4    20486.700    200 41373.400    41665.763    42206.483
125  cpREV+F+R5    20485.391    202 41374.783    41675.193    42216.197
131  mtREV         22072.051    175 44494.102    44699.435    45223.050
132  mtREV+I       22007.568    176 44367.137    44575.511    45100.250
133  mtREV+G4      21195.271    176 42742.543    42950.917    43475.656
134  mtREV+I+G4    21194.019    177 42742.037    42953.487    43479.316
135  mtREV+R2      21343.309    177 43040.618    43252.067    43777.897
136  mtREV+R3      21218.654    179 42795.309    43013.011    43540.918
137  mtREV+R4      21186.174    181 42734.349    42958.444    43488.289
138  mtREV+R5      21173.015    183 42712.030    42942.660    43474.301
139  mtREV+R6      21172.942    185 42715.884    42953.195    43486.487
144  mtREV+F       21456.959    194 43301.919    43571.172    44110.010
145  mtREV+F+I     21365.133    195 43120.266    43393.266    43932.523
146  mtREV+F+G4    20682.945    195 41755.891    42028.891    42568.147
147  mtREV+F+I+G4  20678.950    196 41749.899    42026.688    42566.321
148  mtREV+F+R2    20805.936    196 42003.872    42280.660    42820.294
149  mtREV+F+R3    20705.932    198 41807.863    42092.354    42632.616
150  mtREV+F+R4    20667.642    200 41735.283    42027.647    42568.367
151  mtREV+F+R5    20659.141    202 41722.283    42022.693    42563.697
152  mtREV+F+R6    20659.124    204 41726.247    42034.882    42575.992
157  rtREV         21109.688    175 42569.376    42774.710    43298.324
158  rtREV+I       21018.141    176 42388.281    42596.656    43121.395
159  rtREV+G4      20488.366    176 41328.731    41537.106    42061.845
160  rtREV+I+G4    20481.982    177 41317.965    41529.415    42055.244
161  rtREV+R2      20573.272    177 41500.543    41711.993    42237.822
162  rtREV+R3      20496.817    179 41351.634    41569.337    42097.244
163  rtREV+R4      20474.315    181 41310.629    41534.724    42064.570
164  rtREV+R5      20471.261    183 41308.523    41539.153    42070.794
170  rtREV+F       21108.066    194 42604.131    42873.384    43412.222
171  rtREV+F+I     21023.154    195 42436.309    42709.309    43248.565
172  rtREV+F+G4    20468.539    195 41327.077    41600.077    42139.334
173  rtREV+F+I+G4  20464.782    196 41321.564    41598.353    42137.986
174  rtREV+F+R2    20555.232    196 41502.464    41779.253    42318.886
175  rtREV+F+R3    20478.390    198 41352.779    41637.270    42177.532
176  rtREV+F+R4    20456.269    200 41312.539    41604.902    42145.622
177  rtREV+F+R5    20452.552    202 41309.105    41609.515    42150.519
183  mtART         22797.611    175 45945.222    46150.555    46674.170
184  mtART+I       22739.904    176 45831.808    46040.182    46564.921
185  mtART+G4      21545.052    176 43442.105    43650.479    44175.218
186  mtART+I+G4    21542.648    177 43439.296    43650.745    44176.575
187  mtART+R2      21762.539    177 43879.078    44090.527    44616.357
188  mtART+R3      21586.303    179 43530.606    43748.309    44276.216
189  mtART+R4      21538.527    181 43439.054    43663.149    44192.995
190  mtART+R5      21528.332    183 43422.663    43653.293    44184.935
191  mtART+R6      21526.352    185 43422.704    43660.014    44193.306
196  mtART+F       22115.678    194 44619.357    44888.609    45427.448
197  mtART+F+I     22036.298    195 44462.596    44735.596    45274.853
198  mtART+F+G4    21063.678    195 42517.357    42790.357    43329.613
199  mtART+F+I+G4  21058.511    196 42509.021    42785.810    43325.443
200  mtART+F+R2    21239.449    196 42870.897    43147.686    43687.319
201  mtART+F+R3    21089.483    198 42574.966    42859.457    43399.719
202  mtART+F+R4    21056.229    200 42512.459    42804.822    43345.542
203  mtART+F+R5    21042.719    202 42489.438    42789.848    43330.852
204  mtART+F+R6    21041.395    204 42490.791    42799.426    43340.536
209  mtZOA         21999.803    175 44349.605    44554.938    45078.553
210  mtZOA+I       21947.574    176 44247.148    44455.522    44980.261
211  mtZOA+G4      20956.187    176 42264.375    42472.749    42997.488
212  mtZOA+I+G4    20954.933    177 42263.867    42475.317    43001.146
213  mtZOA+R2      21115.003    177 42584.005    42795.455    43321.284
214  mtZOA+R3      20987.787    179 42333.574    42551.277    43079.184
215  mtZOA+R4      20945.783    181 42253.565    42477.660    43007.506
216  mtZOA+R5      20936.534    183 42239.067    42469.697    43001.339
217  mtZOA+R6      20936.320    185 42242.641    42479.951    43013.243
222  mtZOA+F       21583.666    194 43555.333    43824.585    44363.424
223  mtZOA+F+I     21503.704    195 43397.408    43670.408    44209.664
224  mtZOA+F+G4    20705.369    195 41800.737    42073.737    42612.994
225  mtZOA+F+I+G4  20703.430    196 41798.861    42075.649    42615.283
226  mtZOA+F+R2    20838.292    196 42068.584    42345.372    42885.005
227  mtZOA+F+R3    20729.945    198 41855.890    42140.381    42680.643
228  mtZOA+F+R4    20697.207    200 41794.414    42086.778    42627.498
229  mtZOA+F+R5    20685.447    202 41774.894    42075.304    42616.309
230  mtZOA+F+R6    20685.212    204 41778.425    42087.060    42628.170
235  VT            20923.651    175 42197.302    42402.636    42926.250
236  VT+I          20820.747    176 41993.495    42201.869    42726.608
237  VT+G4         20353.281    176 41058.561    41266.936    41791.675
238  VT+I+G4       20345.658    177 41045.316    41256.766    41782.595
239  VT+R2         20436.430    177 41226.859    41438.309    41964.138
240  VT+R3         20350.246    179 41058.491    41276.194    41804.101
241  VT+R4         20339.488    181 41040.976    41265.071    41794.916
242  VT+R5         20336.692    183 41039.384    41270.014    41801.655
248  VT+F          21018.567    194 42425.134    42694.386    43233.225
249  VT+F+I        20919.025    195 42228.050    42501.050    43040.306
250  VT+F+G4       20443.670    195 41277.340    41550.340    42089.597
251  VT+F+I+G4     20436.953    196 41265.906    41542.694    42082.328
252  VT+F+R2       20526.540    196 41445.080    41721.869    42261.502
253  VT+F+R3       20442.297    198 41280.594    41565.085    42105.347
254  VT+F+R4       20431.075    200 41262.151    41554.514    42095.234
255  VT+F+R5       20428.949    202 41261.899    41562.309    42103.313
261  LG            20867.999    175 42085.999    42291.332    42814.947
262  LG+I          20768.930    176 41889.859    42098.234    42622.973
263  LG+G4         20228.981    176 40809.961    41018.336    41543.075
264  LG+I+G4       20222.715    177 40799.429    41010.879    41536.708
265  LG+R2         20317.487    177 40988.975    41200.425    41726.254
266  LG+R3         20236.395    179 40830.790    41048.493    41576.400
267  LG+R4         20215.364    181 40792.727    41016.822    41546.668
268  LG+R5         20213.165    183 40792.330    41022.961    41554.602
274  LG+F          20956.979    194 42301.958    42571.211    43110.049
275  LG+F+I        20862.490    195 42114.980    42387.980    42927.236
276  LG+F+G4       20305.920    195 41001.840    41274.840    41814.097
277  LG+F+I+G4     20300.905    196 40993.810    41270.599    41810.232
278  LG+F+R2       20393.836    196 41179.672    41456.460    41996.094
279  LG+F+R3       20314.793    198 41025.586    41310.077    41850.339
280  LG+F+R4       20293.500    200 40987.001    41279.364    41820.084
281  LG+F+R5       20291.418    202 40986.837    41287.247    41828.251
287  DCMut         21174.736    175 42699.473    42904.806    43428.421
288  DCMut+I       21057.958    176 42467.917    42676.291    43201.030
289  DCMut+G4      20468.012    176 41288.023    41496.398    42021.137
290  DCMut+I+G4    20459.190    177 41272.380    41483.830    42009.659
291  DCMut+R2      20589.291    177 41532.581    41744.031    42269.860
292  DCMut+R3      20477.909    179 41313.818    41531.521    42059.428
293  DCMut+R4      20451.272    181 41264.545    41488.640    42018.485
294  DCMut+R5      20450.611    183 41267.222    41497.852    42029.494
300  DCMut+F       21300.055    194 42988.111    43257.363    43796.202
301  DCMut+F+I     21190.684    195 42771.368    43044.368    43583.625
302  DCMut+F+G4    20596.251    195 41582.502    41855.502    42394.758
303  DCMut+F+I+G4  20588.700    196 41569.400    41846.188    42385.821
304  DCMut+F+R2    20713.152    196 41818.304    42095.093    42634.726
305  DCMut+F+R3    20607.903    198 41611.807    41896.298    42436.560
306  DCMut+F+R4    20580.537    200 41561.075    41853.439    42394.158
307  DCMut+F+R5    20580.271    202 41564.541    41864.952    42405.956
313  PMB           21120.724    175 42591.448    42796.781    43320.396
314  PMB+I         21019.760    176 42391.520    42599.894    43124.633
315  PMB+G4        20542.962    176 41437.924    41646.298    42171.037
316  PMB+I+G4      20535.918    177 41425.835    41637.285    42163.114
317  PMB+R2        20625.800    177 41605.599    41817.049    42342.878
318  PMB+R3        20542.910    179 41443.819    41661.522    42189.429
319  PMB+R4        20530.277    181 41422.553    41646.648    42176.494
320  PMB+R5        20528.963    183 41423.926    41654.556    42186.198
326  PMB+F         21262.547    194 42913.094    43182.347    43721.185
327  PMB+F+I       21161.099    195 42712.197    42985.197    43524.454
328  PMB+F+G4      20678.833    195 41747.666    42020.666    42559.923
329  PMB+F+I+G4    20671.925    196 41735.850    42012.638    42552.272
330  PMB+F+R2      20763.369    196 41918.738    42195.526    42735.160
331  PMB+F+R3      20679.247    198 41754.493    42038.984    42579.246
332  PMB+F+R4      20666.285    200 41732.571    42024.934    42565.654
333  PMB+F+R5      20664.806    202 41733.612    42034.023    42575.027
339  HIVb          21532.272    175 43414.545    43619.878    44143.493
340  HIVb+I        21397.752    176 43147.505    43355.880    43880.618
341  HIVb+G4       20722.171    176 41796.342    42004.716    42529.455
342  HIVb+I+G4     20710.545    177 41775.090    41986.540    42512.369
343  HIVb+R2       20843.196    177 42040.392    42251.842    42777.671
344  HIVb+R3       20736.613    179 41831.225    42048.928    42576.835
345  HIVb+R4       20699.097    181 41760.194    41984.289    42514.134
346  HIVb+R5       20697.433    183 41760.866    41991.496    42523.138
352  HIVb+F        21562.903    194 43513.806    43783.058    44321.897
353  HIVb+F+I      21432.434    195 43254.869    43527.869    44067.125
354  HIVb+F+G4     20743.123    195 41876.246    42149.246    42688.502
355  HIVb+F+I+G4   20735.783    196 41863.565    42140.354    42679.987
356  HIVb+F+R2     20870.373    196 42132.746    42409.534    42949.168
357  HIVb+F+R3     20757.251    198 41910.502    42194.993    42735.255
358  HIVb+F+R4     20723.099    200 41846.198    42138.561    42679.281
359  HIVb+F+R5     20717.855    202 41839.711    42140.121    42681.125
365  HIVw          22444.431    175 45238.863    45444.196    45967.811
366  HIVw+I        22290.040    176 44932.080    45140.454    45665.193
367  HIVw+G4       21605.317    176 43562.634    43771.009    44295.748
368  HIVw+I+G4     21586.218    177 43526.437    43737.886    44263.715
369  HIVw+R2       21741.564    177 43837.129    44048.578    44574.408
370  HIVw+R3       21617.873    179 43593.746    43811.449    44339.356
371  HIVw+R4       21586.879    181 43535.758    43759.853    44289.698
372  HIVw+R5       21575.168    183 43516.336    43746.966    44278.607
373  HIVw+R6       21575.024    185 43520.048    43757.358    44290.650
378  HIVw+F        22221.899    194 44831.798    45101.051    45639.889
379  HIVw+F+I      22078.664    195 44547.328    44820.328    45359.584
380  HIVw+F+G4     21389.180    195 43168.360    43441.360    43980.617
381  HIVw+F+I+G4   21374.675    196 43141.350    43418.139    43957.772
382  HIVw+F+R2     21526.727    196 43445.454    43722.242    44261.876
383  HIVw+F+R3     21403.629    198 43203.259    43487.750    44028.011
384  HIVw+F+R4     21372.628    200 43145.255    43437.619    43978.339
385  HIVw+F+R5     21363.408    202 43130.815    43431.225    43972.230
386  HIVw+F+R6     21363.287    204 43134.574    43443.209    43984.320
391  JTTDCMut      20859.895    175 42069.790    42275.124    42798.738
392  JTTDCMut+I    20755.400    176 41862.800    42071.175    42595.914
393  JTTDCMut+G4   20220.324    176 40792.648    41001.023    41525.762
394  JTTDCMut+I+G4 20213.388    177 40780.775    40992.225    41518.054
395  JTTDCMut+R2   20317.831    177 40989.661    41201.111    41726.940
396  JTTDCMut+R3   20222.561    179 40803.122    41020.825    41548.732
397  JTTDCMut+R4   20205.594    181 40773.187    40997.283    41527.128
398  JTTDCMut+R5   20204.208    183 40774.416    41005.046    41536.687
404  JTTDCMut+F    20979.062    194 42346.123    42615.376    43154.215
405  JTTDCMut+F+I  20879.483    195 42148.966    42421.966    42961.222
406  JTTDCMut+F+G4 20327.334    195 41044.667    41317.667    41856.924
407  JTTDCMut+F+I+G4 20321.507    196 41035.014    41311.802    41851.436
408  JTTDCMut+F+R2 20425.538    196 41243.075    41519.864    42059.497
409  JTTDCMut+F+R3 20332.938    198 41061.876    41346.367    41886.629
410  JTTDCMut+F+R4 20314.717    200 41029.433    41321.797    41862.517
411  JTTDCMut+F+R5 20313.179    202 41030.358    41330.768    41871.772
417  FLU           21562.078    175 43474.156    43679.489    44203.104
418  FLU+I         21432.464    176 43216.928    43425.302    43950.041
419  FLU+G4        20770.976    176 41893.953    42102.327    42627.066
420  FLU+I+G4      20759.919    177 41873.838    42085.287    42611.117
421  FLU+R2        20884.894    177 42123.787    42335.237    42861.066
422  FLU+R3        20788.824    179 41935.648    42153.350    42681.257
423  FLU+R4        20751.124    181 41864.249    42088.344    42618.189
424  FLU+R5        20745.162    183 41856.324    42086.955    42618.596
430  FLU+F         21589.820    194 43567.640    43836.893    44375.731
431  FLU+F+I       21468.472    195 43326.945    43599.945    44139.201
432  FLU+F+G4      20776.625    195 41943.251    42216.251    42755.507
433  FLU+F+I+G4    20768.908    196 41929.816    42206.604    42746.238
434  FLU+F+R2      20898.427    196 42188.854    42465.642    43005.275
435  FLU+F+R3      20795.719    198 41987.437    42271.928    42812.190
436  FLU+F+R4      20761.772    200 41923.544    42215.908    42756.628
437  FLU+F+R5      20748.436    202 41900.873    42201.283    42742.287
438  FLU+F+R6      20747.982    204 41903.964    42212.599    42753.709
443  Blosum62      21116.965    175 42583.930    42789.263    43312.878
444  Blosum62+I    21022.160    176 42396.320    42604.694    43129.433
445  Blosum62+G4   20552.415    176 41456.830    41665.204    42189.943
446  Blosum62+I+G4 20545.497    177 41444.993    41656.443    42182.272
447  Blosum62+R2   20629.332    177 41612.663    41824.113    42349.942
448  Blosum62+R3   20553.476    179 41464.952    41682.655    42210.562
449  Blosum62+R4   20539.101    181 41440.202    41664.297    42194.143
450  Blosum62+R5   20537.150    183 41440.301    41670.931    42202.572
456  Blosum62+F    21237.789    194 42863.579    43132.832    43671.670
457  Blosum62+F+I  21142.558    195 42675.116    42948.116    43487.373
458  Blosum62+F+G4 20669.189    195 41728.378    42001.378    42540.634
459  Blosum62+F+I+G4 20662.436    196 41716.871    41993.660    42533.293
460  Blosum62+F+R2 20747.336    196 41886.673    42163.461    42703.094
461  Blosum62+F+R3 20669.913    198 41735.826    42020.317    42560.579
462  Blosum62+F+R4 20655.865    200 41711.729    42004.093    42544.813
463  Blosum62+F+R5 20653.556    202 41711.112    42011.522    42552.526
469  mtMet         22065.834    175 44481.667    44687.001    45210.615
470  mtMet+I       22012.309    176 44376.617    44584.992    45109.731
471  mtMet+G4      21163.694    176 42679.389    42887.763    43412.502
472  mtMet+I+G4    21163.299    177 42680.598    42892.048    43417.877
473  mtMet+R2      21290.048    177 42934.096    43145.545    43671.375
474  mtMet+R3      21191.940    179 42741.879    42959.582    43487.489
475  mtMet+R4      21150.272    181 42662.543    42886.638    43416.484
476  mtMet+R5      21143.541    183 42653.083    42883.713    43415.354
477  mtMet+R6      21143.377    185 42656.755    42894.065    43427.357
482  mtMet+F       21468.085    194 43324.169    43593.422    44132.260
483  mtMet+F+I     21394.325    195 43178.650    43451.650    43990.907
484  mtMet+F+G4    20647.276    195 41684.553    41957.553    42496.809
485  mtMet+F+I+G4  20645.894    196 41683.788    41960.576    42500.210
486  mtMet+F+R2    20765.051    196 41922.103    42198.891    42738.524
487  mtMet+F+R3    20673.861    198 41743.721    42028.212    42568.474
488  mtMet+F+R4    20633.542    200 41667.084    41959.447    42500.167
489  mtMet+F+R5    20625.883    202 41655.766    41956.176    42497.180
490  mtMet+F+R6    20625.844    204 41659.688    41968.323    42509.433
495  mtVer         22312.589    175 44975.177    45180.511    45704.125
496  mtVer+I       22265.315    176 44882.631    45091.005    45615.744
497  mtVer+G4      21284.732    176 42921.464    43129.839    43654.578
498  mtVer+I+G4    21284.348    177 42922.696    43134.146    43659.975
499  mtVer+R2      21440.948    177 43235.896    43447.346    43973.175
500  mtVer+R3      21313.860    179 42985.719    43203.422    43731.329
501  mtVer+R4      21271.046    181 42904.091    43128.187    43658.032
502  mtVer+R5      21264.262    183 42894.525    43125.155    43656.796
503  mtVer+R6      21264.156    185 42898.313    43135.623    43668.915
508  mtVer+F       21751.107    194 43890.214    44159.466    44698.305
509  mtVer+F+I     21666.633    195 43723.266    43996.266    44535.522
510  mtVer+F+G4    20860.600    195 42111.201    42384.201    42923.457
511  mtVer+F+I+G4  20856.384    196 42104.769    42381.557    42921.191
512  mtVer+F+R2    20989.819    196 42371.638    42648.426    43188.060
513  mtVer+F+R3    20891.440    198 42178.880    42463.371    43003.632
514  mtVer+F+R4    20844.008    200 42088.016    42380.379    42921.099
515  mtVer+F+R5    20836.595    202 42077.190    42377.601    42918.605
516  mtVer+F+R6    20836.527    204 42081.054    42389.689    42930.800
521  mtInv         22114.841    175 44579.682    44785.015    45308.630
522  mtInv+I       22051.730    176 44455.460    44663.834    45188.573
523  mtInv+G4      21297.977    176 42947.954    43156.328    43681.067
524  mtInv+I+G4    21297.539    177 42949.077    43160.527    43686.356
525  mtInv+R2      21417.462    177 43188.925    43400.374    43926.204
526  mtInv+R3      21322.401    179 43002.802    43220.505    43748.412
527  mtInv+R4      21289.281    181 42940.563    43164.658    43694.503
528  mtInv+R5      21281.234    183 42928.467    43159.098    43690.739
529  mtInv+R6      21281.166    185 42932.331    43169.642    43702.934
534  mtInv+F       21278.370    194 42944.739    43213.992    43752.830
535  mtInv+F+I     21197.077    195 42784.153    43057.153    43596.410
536  mtInv+F+G4    20538.667    195 41467.335    41740.335    42279.591
537  mtInv+F+I+G4  20536.179    196 41464.358    41741.147    42280.780
538  mtInv+F+R2    20651.073    196 41694.146    41970.934    42510.568
539  mtInv+F+R3    20557.379    198 41510.758    41795.249    42335.511
540  mtInv+F+R4    20527.942    200 41455.884    41748.248    42288.968
541  mtInv+F+R5    20522.485    202 41448.970    41749.380    42290.384
Akaike Information Criterion:           JTTDCMut+R4
Corrected Akaike Information Criterion: JTTDCMut+I+G4
Bayesian Information Criterion:         JTTDCMut+I+G4
Best-fit model: JTTDCMut+I+G4 chosen according to BIC

All model information printed to ./analyses/WLARs/fernLARclades_tree/fernLARclades_aligned-mafft-linsi_iqtree-bb2000-alrt2000.model.gz
CPU time for ModelFinder: 2142.588 seconds (0h:35m:42s)
Wall-clock time for ModelFinder: 1095.521 seconds (0h:18m:15s)
Generating 2000 samples for ultrafast bootstrap (seed: 523876)...

NOTE: 27 MB RAM (0 GB) is required!
Measuring multi-threading efficiency up to 12 CPU cores
Increase to 10 rounds for branch lengths
9 trees examined
Threads: 1 / Time: 12.534 sec / Speedup: 1.000 / Efficiency: 100% / LogL: -32512
Threads: 2 / Time: 11.469 sec / Speedup: 1.093 / Efficiency: 55% / LogL: -32512
Threads: 3 / Time: 7.866 sec / Speedup: 1.593 / Efficiency: 53% / LogL: -32512
Threads: 4 / Time: 6.213 sec / Speedup: 2.017 / Efficiency: 50% / LogL: -32512
Threads: 5 / Time: 5.260 sec / Speedup: 2.383 / Efficiency: 48% / LogL: -32512
BEST NUMBER OF THREADS: 4

Estimate model parameters (epsilon = 0.100)
Thoroughly optimizing +I+G parameters from 10 start values...
Init pinv, alpha: 0.000, 1.000 / Estimate: 0.000, 1.364 / LogL: -20220.312
Init pinv, alpha: 0.039, 1.000 / Estimate: 0.028, 1.615 / LogL: -20213.392
Init pinv, alpha: 0.077, 1.000 / Estimate: 0.029, 1.622 / LogL: -20213.405
Init pinv, alpha: 0.116, 1.000 / Estimate: 0.029, 1.622 / LogL: -20213.402
Init pinv, alpha: 0.155, 1.000 / Estimate: 0.029, 1.625 / LogL: -20213.412
Init pinv, alpha: 0.194, 1.000 / Estimate: 0.029, 1.626 / LogL: -20213.421
Init pinv, alpha: 0.232, 1.000 / Estimate: 0.028, 1.622 / LogL: -20213.402
Init pinv, alpha: 0.271, 1.000 / Estimate: 0.029, 1.622 / LogL: -20213.404
Init pinv, alpha: 0.310, 1.000 / Estimate: 0.029, 1.623 / LogL: -20213.409
Init pinv, alpha: 0.349, 1.000 / Estimate: 0.029, 1.624 / LogL: -20213.414
Optimal pinv,alpha: 0.028, 1.615 / LogL: -20213.392

Parameters optimization took 16.602 sec
Computing ML distances based on estimated model parameters... 2.595 sec
Computing BIONJ tree...
0.003 seconds
Log-likelihood of BIONJ tree: -20235.444
--------------------------------------------------------------------
|             INITIALIZING CANDIDATE TREE SET                      |
--------------------------------------------------------------------
Generating 98 parsimony trees... 2.648 second
Computing log-likelihood of 98 initial trees ... 15.066 seconds
Current best score: -20181.082

Do NNI search on 20 best initial trees
Estimate model parameters (epsilon = 0.100)
BETTER TREE FOUND at iteration 1: -20156.204
Iteration 10 / LogL: -20161.321 / Time: 0h:1m:29s
Iteration 20 / LogL: -20179.225 / Time: 0h:1m:39s
Finish initializing candidate tree set (14)
Current best tree score: -20156.204 / CPU time: 38.028
Number of iterations: 20
--------------------------------------------------------------------
|               OPTIMIZING CANDIDATE TREE SET                      |
--------------------------------------------------------------------
BETTER TREE FOUND at iteration 23: -20156.196
Iteration 30 / LogL: -20161.633 / Time: 0h:1m:56s (0h:6m:12s left)
Estimate model parameters (epsilon = 0.100)
UPDATE BEST LOG-LIKELIHOOD: -20156.093
Iteration 40 / LogL: -20156.371 / Time: 0h:2m:13s (0h:4m:43s left)
Iteration 50 / LogL: -20156.147 / Time: 0h:2m:29s (0h:3m:43s left)
Log-likelihood cutoff on original alignment: -20214.662
Iteration 60 / LogL: -20156.208 / Time: 0h:2m:46s (0h:2m:57s left)
Iteration 70 / LogL: -20156.156 / Time: 0h:3m:3s (0h:2m:21s left)
Iteration 80 / LogL: -20156.234 / Time: 0h:3m:20s (0h:1m:48s left)
Iteration 90 / LogL: -20161.396 / Time: 0h:3m:37s (0h:1m:20s left)
Iteration 100 / LogL: -20156.178 / Time: 0h:3m:54s (0h:0m:54s left)
Log-likelihood cutoff on original alignment: -20214.662
NOTE: Bootstrap correlation coefficient of split occurrence frequencies: 1.000
Iteration 110 / LogL: -20156.110 / Time: 0h:4m:12s (0h:3m:28s left)
Iteration 120 / LogL: -20156.445 / Time: 0h:4m:28s (0h:3m:0s left)
TREE SEARCH COMPLETED AFTER 124 ITERATIONS / Time: 0h:4m:35s

--------------------------------------------------------------------
|                    FINALIZING TREE SEARCH                        |
--------------------------------------------------------------------
Performs final model parameters optimization
Estimate model parameters (epsilon = 0.010)
1. Initial log-likelihood: -20156.093
Optimal log-likelihood: -20156.092
Proportion of invariable sites: 0.027
Gamma shape alpha: 1.622
Parameters optimization took 1 rounds (0.265 sec)
BEST SCORE FOUND : -20156.092

Testing tree branches by SH-like aLRT with 2000 replicates...
0.895 sec.
Creating bootstrap support values...
Split supports printed to NEXUS file ./analyses/WLARs/fernLARclades_tree/fernLARclades_aligned-mafft-linsi_iqtree-bb2000-alrt2000.splits.nex
Total tree length: 15.951

Total number of iterations: 124
CPU time used for tree search: 837.381 sec (0h:13m:57s)
Wall-clock time used for tree search: 214.101 sec (0h:3m:34s)
Total CPU time used: 1022.104 sec (0h:17m:2s)
Total wall-clock time used: 276.993 sec (0h:4m:36s)

Computing bootstrap consensus tree...
Reading input file ./analyses/WLARs/fernLARclades_tree/fernLARclades_aligned-mafft-linsi_iqtree-bb2000-alrt2000.splits.nex...
89 taxa and 377 splits.
Consensus tree written to ./analyses/WLARs/fernLARclades_tree/fernLARclades_aligned-mafft-linsi_iqtree-bb2000-alrt2000.contree
Reading input trees file ./analyses/WLARs/fernLARclades_tree/fernLARclades_aligned-mafft-linsi_iqtree-bb2000-alrt2000.contree
Log-likelihood of consensus tree: -20156.092

Analysis results written to: 
  IQ-TREE report:                ./analyses/WLARs/fernLARclades_tree/fernLARclades_aligned-mafft-linsi_iqtree-bb2000-alrt2000.iqtree
  Maximum-likelihood tree:       ./analyses/WLARs/fernLARclades_tree/fernLARclades_aligned-mafft-linsi_iqtree-bb2000-alrt2000.treefile
  Likelihood distances:          ./analyses/WLARs/fernLARclades_tree/fernLARclades_aligned-mafft-linsi_iqtree-bb2000-alrt2000.mldist

Ultrafast bootstrap approximation results written to:
  Split support values:          ./analyses/WLARs/fernLARclades_tree/fernLARclades_aligned-mafft-linsi_iqtree-bb2000-alrt2000.splits.nex
  Consensus tree:                ./analyses/WLARs/fernLARclades_tree/fernLARclades_aligned-mafft-linsi_iqtree-bb2000-alrt2000.contree
  Screen log file:               ./analyses/WLARs/fernLARclades_tree/fernLARclades_aligned-mafft-linsi_iqtree-bb2000-alrt2000.log

Date and Time: Fri May  8 15:33:06 2020
